<?xml version="1.0" encoding="UTF-8"?>
<!-- Generated by org.testng.reporters.JUnitReportReporter -->
<testsuite hostname="DESKTOP-IUPMKAS" failures="0" tests="1" name="com.qa.TestLayer.LoginPageTest" time="7.852" errors="0" timestamp="2022-07-24T18:41:57 IST" skipped="0">
  <testcase classname="com.qa.TestLayer.LoginPageTest" name="verifyLoginFunctionality" time="7.852"/>
  <system-out/>
</testsuite> <!-- com.qa.TestLayer.LoginPageTest -->
