<?xml version="1.0" encoding="UTF-8"?>
<!-- Generated by org.testng.reporters.JUnitReportReporter -->
<testsuite hostname="DESKTOP-IUPMKAS" failures="0" tests="1" name="com.qa.testBase.TestBase" time="7.959" errors="0" timestamp="2022-07-10T18:00:45 IST" skipped="0">
  <testcase classname="com.qa.testBase.TestBase" name="setUp" time="7.959"/>
  <system-out/>
</testsuite> <!-- com.qa.testBase.TestBase -->
