<?xml version="1.0" encoding="UTF-8"?>
<!-- Generated by org.testng.reporters.JUnitReportReporter -->
<testsuite hostname="DESKTOP-IUPMKAS" failures="0" tests="1" name="com.qa.testBase.TestBase" time="17.621" errors="0" timestamp="2022-07-24T17:49:52 IST" skipped="0">
  <testcase classname="com.qa.testBase.TestBase" name="setUp" time="17.621"/>
  <system-out/>
</testsuite> <!-- com.qa.testBase.TestBase -->
