<?xml version="1.0" encoding="UTF-8"?>
<!-- Generated by org.testng.reporters.JUnitReportReporter -->
<testsuite hostname="DESKTOP-IUPMKAS" failures="0" tests="1" name="com.qa.testBase.TestBase" time="9.898" errors="0" timestamp="2022-07-18T17:06:32 IST" skipped="0">
  <testcase classname="com.qa.testBase.TestBase" name="setUp" time="9.898"/>
  <system-out/>
</testsuite> <!-- com.qa.testBase.TestBase -->
